#
# There is insufficient memory for the Java Runtime Environment to continue.
# Native memory allocation (malloc) failed to allocate 1048576 bytes for AllocateHeap
# Possible reasons:
#   The system is out of physical RAM or swap space
#   The process is running with CompressedOops enabled, and the Java Heap may be blocking the growth of the native heap
# Possible solutions:
#   Reduce memory load on the system
#   Increase physical memory or swap space
#   Check if swap backing store is full
#   Decrease Java heap size (-Xmx/-Xms)
#   Decrease number of Java threads
#   Decrease Java thread stack sizes (-Xss)
#   Set larger code cache with -XX:ReservedCodeCacheSize=
#   JVM is running with Zero Based Compressed Oops mode in which the Java heap is
#     placed in the first 32GB address space. The Java Heap base address is the
#     maximum limit for the native heap growth. Please use -XX:HeapBaseMinAddress
#     to set the Java Heap base and to place the Java Heap above 32GB virtual address.
# This output file may be truncated or incomplete.
#
#  Out of Memory Error (memory/allocation.inline.hpp:61), pid=14904, tid=0x0000000000005940
#
# JRE version:  (8.0_311-b11) (build )
# Java VM: Java HotSpot(TM) 64-Bit Server VM (25.311-b11 mixed mode windows-amd64 compressed oops)
# Failed to write core dump. Minidumps are not enabled by default on client versions of Windows
#

---------------  T H R E A D  ---------------

Current thread (0x0000014ec4b43000):  JavaThread "Unknown thread" [_thread_in_vm, id=22848, stack(0x00000023bfa00000,0x00000023bfb00000)]

Stack: [0x00000023bfa00000,0x00000023bfb00000]
Native frames: (J=compiled Java code, j=interpreted, Vv=VM code, C=native code)
V  [jvm.dll+0x32f239]
V  [jvm.dll+0x275882]
V  [jvm.dll+0x27652d]
V  [jvm.dll+0x26cf65]
V  [jvm.dll+0x509d]
V  [jvm.dll+0x3ca4ac]
V  [jvm.dll+0x3c6827]
V  [jvm.dll+0xfce3f]
V  [jvm.dll+0x20a21b]
V  [jvm.dll+0x238c47]
V  [jvm.dll+0x1628e6]
C  [java.exe+0x2312]
C  [java.exe+0x15f54]
C  [KERNEL32.DLL+0x17034]
C  [ntdll.dll+0x52651]


---------------  P R O C E S S  ---------------

Java Threads: ( => current thread )

Other Threads:

=>0x0000014ec4b43000 (exited) JavaThread "Unknown thread" [_thread_in_vm, id=22848, stack(0x00000023bfa00000,0x00000023bfb00000)]

VM state:not at safepoint (normal execution)

VM Mutex/Monitor currently owned by a thread: None

heap address: 0x00000006cb400000, size: 3916 MB, Compressed Oops mode: Zero based, Oop shift amount: 3
Narrow klass base: 0x0000000000000000, Narrow klass shift: 3
Compressed class space size: 1073741824 Address: 0x00000007c0000000

Heap:
 PSYoungGen      total 73728K, used 1269K [0x000000076e700000, 0x0000000773900000, 0x00000007c0000000)
  eden space 63488K, 2% used [0x000000076e700000,0x000000076e83d718,0x0000000772500000)
  from space 10240K, 0% used [0x0000000772f00000,0x0000000772f00000,0x0000000773900000)
  to   space 10240K, 0% used [0x0000000772500000,0x0000000772500000,0x0000000772f00000)
 ParOldGen       total 167936K, used 0K [0x00000006cb400000, 0x00000006d5800000, 0x000000076e700000)
  object space 167936K, 0% used [0x00000006cb400000,0x00000006cb400000,0x00000006d5800000)
 Metaspace       used 778K, capacity 4480K, committed 4480K, reserved 1056768K
  class space    used 76K, capacity 384K, committed 384K, reserved 1048576K

Card table byte_map: [0x0000014ed5a30000,0x0000014ed61e0000] byte_map_base: 0x0000014ed23d6000

Marking Bits: (ParMarkBitMap*) 0x0000000062d78030
 Begin Bits: [0x0000014ed6700000, 0x0000014eda430000)
 End Bits:   [0x0000014eda430000, 0x0000014ede160000)

Polling page: 0x0000014ec4de0000

CodeCache: size=245760Kb used=328Kb max_used=328Kb free=245431Kb
 bounds [0x0000014ec6670000, 0x0000014ec68e0000, 0x0000014ed5670000]
 total_blobs=57 nmethods=0 adapters=38
 compilation: enabled

Compilation events (0 events):
No events

GC Heap History (0 events):
No events

Deoptimization events (0 events):
No events

Classes redefined (0 events):
No events

Internal exceptions (0 events):
No events

Events (10 events):
Event: 0.014 loading class java/lang/Short
Event: 0.014 loading class java/lang/Short done
Event: 0.014 loading class java/lang/Integer
Event: 0.014 loading class java/lang/Integer done
Event: 0.014 loading class java/lang/Long
Event: 0.015 loading class java/lang/Long done
Event: 0.015 loading class java/lang/NullPointerException
Event: 0.015 loading class java/lang/NullPointerException done
Event: 0.015 loading class java/lang/ArithmeticException
Event: 0.015 loading class java/lang/ArithmeticException done


Dynamic libraries:
0x00007ff64a8e0000 - 0x00007ff64a927000 	C:\Program Files\Java\jdk1.8.0_311\bin\java.exe
0x00007ffab3bf0000 - 0x00007ffab3de5000 	C:\Windows\SYSTEM32\ntdll.dll
0x00007ffab2ee0000 - 0x00007ffab2f9e000 	C:\Windows\System32\KERNEL32.DLL
0x00007ffab1750000 - 0x00007ffab1a18000 	C:\Windows\System32\KERNELBASE.dll
0x00007ffab22b0000 - 0x00007ffab235e000 	C:\Windows\System32\ADVAPI32.dll
0x00007ffab1c40000 - 0x00007ffab1cde000 	C:\Windows\System32\msvcrt.dll
0x00007ffab3a90000 - 0x00007ffab3b2c000 	C:\Windows\System32\sechost.dll
0x00007ffab2120000 - 0x00007ffab2245000 	C:\Windows\System32\RPCRT4.dll
0x00007ffab1f00000 - 0x00007ffab20a0000 	C:\Windows\System32\USER32.dll
0x00007ffab1350000 - 0x00007ffab1372000 	C:\Windows\System32\win32u.dll
0x00007ffab34a0000 - 0x00007ffab34cb000 	C:\Windows\System32\GDI32.dll
0x00007ffab1430000 - 0x00007ffab153d000 	C:\Windows\System32\gdi32full.dll
0x00007ffab16b0000 - 0x00007ffab174d000 	C:\Windows\System32\msvcp_win.dll
0x00007ffab1540000 - 0x00007ffab1640000 	C:\Windows\System32\ucrtbase.dll
0x00007ffa938e0000 - 0x00007ffa93b7a000 	C:\Windows\WinSxS\amd64_microsoft.windows.common-controls_6595b64144ccf1df_6.0.19041.1110_none_60b5254171f9507e\COMCTL32.dll
0x00007ffab2360000 - 0x00007ffab2390000 	C:\Windows\System32\IMM32.DLL
0x00007ffaac9a0000 - 0x00007ffaac9b5000 	C:\Program Files\Java\jdk1.8.0_311\jre\bin\vcruntime140.dll
0x00007ffa93060000 - 0x00007ffa930fb000 	C:\Program Files\Java\jdk1.8.0_311\jre\bin\msvcp140.dll
0x0000000062590000 - 0x0000000062df0000 	C:\Program Files\Java\jdk1.8.0_311\jre\bin\server\jvm.dll
0x00007ffab3490000 - 0x00007ffab3498000 	C:\Windows\System32\PSAPI.DLL
0x00007ffaae370000 - 0x00007ffaae379000 	C:\Windows\SYSTEM32\WSOCK32.dll
0x00007ffaa7220000 - 0x00007ffaa7247000 	C:\Windows\SYSTEM32\WINMM.dll
0x00007ffaaadd0000 - 0x00007ffaaadda000 	C:\Windows\SYSTEM32\VERSION.dll
0x00007ffab3a10000 - 0x00007ffab3a7b000 	C:\Windows\System32\WS2_32.dll
0x00007ffaaf210000 - 0x00007ffaaf222000 	C:\Windows\SYSTEM32\kernel.appcore.dll
0x00007ffaacdc0000 - 0x00007ffaacdd0000 	C:\Program Files\Java\jdk1.8.0_311\jre\bin\verify.dll
0x00007ffa937b0000 - 0x00007ffa937db000 	C:\Program Files\Java\jdk1.8.0_311\jre\bin\java.dll
0x00007ffa93040000 - 0x00007ffa93058000 	C:\Program Files\Java\jdk1.8.0_311\jre\bin\zip.dll
0x00007ffaaa3d0000 - 0x00007ffaaa5b4000 	C:\Windows\SYSTEM32\dbghelp.dll
0x00007ffab1a50000 - 0x00007ffab1ad2000 	C:\Windows\System32\bcryptPrimitives.dll

VM Arguments:
java_command: mybatis-generator-core-1.3.2.jar -configfile generator.xml -overwrite
java_class_path (initial): mybatis-generator-core-1.3.2.jar
Launcher Type: SUN_STANDARD

Environment Variables:
PATH=C:\Users\Admin\bin;C:\Program Files\jf\Git\mingw64\bin;C:\Program Files\jf\Git\usr\local\bin;C:\Program Files\jf\Git\usr\bin;C:\Program Files\jf\Git\usr\bin;C:\Program Files\jf\Git\mingw64\bin;C:\Program Files\jf\Git\usr\bin;C:\Users\Admin\bin;C:\Program Files\Java\jdk1.8.0_311\bin;C:\Windows\system32;C:\Windows;C:\Windows\System32\Wbem;C:\Windows\System32\WindowsPowerShell\v1.0;C:\Windows\System32\OpenSSH;C:\Program Files\Java\jdk1.8.0_311;C:\Program Files\jf\Git\cmd;C:\Program Files\jf\mysql-8.0.27-winx64\bin;C:\Program Files\jf\node;C:\Program Files\jf\Git\usr\bin;C:\Program Files\jf\Git\cmd;C:\Program Files\MySQL\MySQL Shell 8.0\bin;C:\Program Files\jf\Microsoft VS Code\bin;C:\Users\Admin\AppData\Roaming\npm;C:\Program Files\jf\Git\usr\bin\vendor_perl;C:\Program Files\jf\Git\usr\bin\core_perl
USERNAME=Admin
SHELL=C:\Program Files\jf\Git\usr\bin\bash.exe
DISPLAY=needs-to-be-defined
OS=Windows_NT
PROCESSOR_IDENTIFIER=AMD64 Family 25 Model 80 Stepping 0, AuthenticAMD



---------------  S Y S T E M  ---------------

OS: Windows 10.0 , 64 bit Build 19041 (10.0.19041.1503)

CPU:total 12 (initial active 12) (12 cores per cpu, 1 threads per core) family 25 model 80 stepping 0, cmov, cx8, fxsr, mmx, sse, sse2, sse3, ssse3, sse4.1, sse4.2, popcnt, avx, avx2, aes, clmul, erms, mmxext, 3dnowpref, lzcnt, sse4a, tsc, tscinvbit, tscinv, bmi1

Memory: 4k page, physical 16039576k(6779004k free), swap 24428184k(4508k free)

vm_info: Java HotSpot(TM) 64-Bit Server VM (25.311-b11) for windows-amd64 JRE (1.8.0_311-b11), built on Sep 27 2021 05:15:14 by "java_re" with MS VC++ 15.9 (VS2017)

time: Wed Mar  9 14:04:59 2022
timezone: 中国标准时间
elapsed time: 0.027664 seconds (0d 0h 0m 0s)

